{"name": "проверка выхода", "status": "broken", "statusDetails": {"message": "selenium.common.exceptions.TimeoutException: Message: \nStacktrace:\nRemoteError@chrome://remote/content/shared/RemoteError.sys.mjs:8:8\nWebDriverError@chrome://remote/content/shared/webdriver/Errors.sys.mjs:193:5\nNoSuchElementError@chrome://remote/content/shared/webdriver/Errors.sys.mjs:511:5\ndom.find/</<@chrome://remote/content/shared/DOM.sys.mjs:136:16", "trace": "self = <tests.test_personal_account.TestPersonalAccount object at 0x0000022C2E7EA1D0>, driver_login = <selenium.webdriver.firefox.webdriver.WebDriver (session=\"5650656e-21d4-432a-a2c5-1c5a12e99bf0\")>\n\n    @allure.description(\"При прохождении теста выполняется проверка выхода\")\n    @allure.title(\"проверка выхода\")\n    def test_logout(self, driver_login):\n        main_page = MainPage(driver_login)\n        main_page.click_on_personal_account()\n        profile_page = ProfilePage(driver_login)\n>       profile_page.exit_from_profile()\n\ntests\\test_personal_account.py:23: \n_ _ _ _ _ _ _ _ _ _ _ _ _ _ _ _ _ _ _ _ _ _ _ _ _ _ _ _ _ _ _ _ _ _ _ _ _ _ _ _ _ _ _ _ _ _ _ _ _ _ _ _ _ _ _ _ _ _ _ _ _ _ _ _ _ _ _ _ _ _ _ _ _ _ _ _ _ _ _ _ _ _ _ _ _ _ _ _ _ _ _ _ _ _ _ _ _ _ _ _ _ _ _ _ _ _ _ _ _ _ _ _ _ _\npages\\profile_page.py:22: in exit_from_profile\n    self.base_click_element(LocatorsProfilePage.LOGOUT_BUTTON)\npages\\base_page.py:25: in base_click_element\n    WebDriverWait(self.driver, 30).until(expected_conditions.element_to_be_clickable(locator))\n_ _ _ _ _ _ _ _ _ _ _ _ _ _ _ _ _ _ _ _ _ _ _ _ _ _ _ _ _ _ _ _ _ _ _ _ _ _ _ _ _ _ _ _ _ _ _ _ _ _ _ _ _ _ _ _ _ _ _ _ _ _ _ _ _ _ _ _ _ _ _ _ _ _ _ _ _ _ _ _ _ _ _ _ _ _ _ _ _ _ _ _ _ _ _ _ _ _ _ _ _ _ _ _ _ _ _ _ _ _ _ _ _ _\n\nself = <selenium.webdriver.support.wait.WebDriverWait (session=\"5650656e-21d4-432a-a2c5-1c5a12e99bf0\")>, method = <function element_to_be_clickable.<locals>._predicate at 0x0000022C2E8BA840>, message = ''\n\n    def until(self, method: Callable[[D], Union[Literal[False], T]], message: str = \"\") -> T:\n        \"\"\"Calls the method provided with the driver as an argument until the \\\n        return value does not evaluate to ``False``.\n    \n        :param method: callable(WebDriver)\n        :param message: optional message for :exc:`TimeoutException`\n        :returns: the result of the last call to `method`\n        :raises: :exc:`selenium.common.exceptions.TimeoutException` if timeout occurs\n        \"\"\"\n        screen = None\n        stacktrace = None\n    \n        end_time = time.monotonic() + self._timeout\n        while True:\n            try:\n                value = method(self._driver)\n                if value:\n                    return value\n            except self._ignored_exceptions as exc:\n                screen = getattr(exc, \"screen\", None)\n                stacktrace = getattr(exc, \"stacktrace\", None)\n            if time.monotonic() > end_time:\n                break\n            time.sleep(self._poll)\n>       raise TimeoutException(message, screen, stacktrace)\nE       selenium.common.exceptions.TimeoutException: Message: \nE       Stacktrace:\nE       RemoteError@chrome://remote/content/shared/RemoteError.sys.mjs:8:8\nE       WebDriverError@chrome://remote/content/shared/webdriver/Errors.sys.mjs:193:5\nE       NoSuchElementError@chrome://remote/content/shared/webdriver/Errors.sys.mjs:511:5\nE       dom.find/</<@chrome://remote/content/shared/DOM.sys.mjs:136:16\n\n.venv\\Lib\\site-packages\\selenium\\webdriver\\support\\wait.py:105: TimeoutException"}, "description": "При прохождении теста выполняется проверка выхода", "steps": [{"name": "клик на личный кабинет", "status": "passed", "steps": [{"name": "Клик по элементу в ФФ", "status": "passed", "parameters": [{"name": "locator", "value": "('xpath', \".//p[contains(text(),'Личный Кабинет')]\")"}], "start": 1732738822558, "stop": 1732738823166}], "start": 1732738822558, "stop": 1732738823166}, {"name": "выйти", "status": "broken", "statusDetails": {"message": "selenium.common.exceptions.TimeoutException: Message: \nStacktrace:\nRemoteError@chrome://remote/content/shared/RemoteError.sys.mjs:8:8\nWebDriverError@chrome://remote/content/shared/webdriver/Errors.sys.mjs:193:5\nNoSuchElementError@chrome://remote/content/shared/webdriver/Errors.sys.mjs:511:5\ndom.find/</<@chrome://remote/content/shared/DOM.sys.mjs:136:16\n\n", "trace": "  File \"C:\\Users\\Герогий\\Desktop\\учеба python\\диплом\\юай тесты\\.venv\\Lib\\site-packages\\allure_commons\\_allure.py\", line 192, in impl\n    return func(*a, **kw)\n           ^^^^^^^^^^^^^^\n  File \"C:\\Users\\Герогий\\Desktop\\учеба python\\диплом\\юай тесты\\pages\\profile_page.py\", line 22, in exit_from_profile\n    self.base_click_element(LocatorsProfilePage.LOGOUT_BUTTON)\n  File \"C:\\Users\\Герогий\\Desktop\\учеба python\\диплом\\юай тесты\\pages\\base_page.py\", line 25, in base_click_element\n    WebDriverWait(self.driver, 30).until(expected_conditions.element_to_be_clickable(locator))\n  File \"C:\\Users\\Герогий\\Desktop\\учеба python\\диплом\\юай тесты\\.venv\\Lib\\site-packages\\selenium\\webdriver\\support\\wait.py\", line 105, in until\n    raise TimeoutException(message, screen, stacktrace)\n"}, "start": 1732738823166, "stop": 1732738853548}], "attachments": [{"name": "log", "source": "d58ab2a4-cfdd-4009-89c7-50220bf7841c-attachment.txt", "type": "text/plain"}], "parameters": [{"name": "driver", "value": "'firefox'"}], "start": 1732738822558, "stop": 1732738853548, "uuid": "36e8497b-3960-4158-a9e3-17abae3f23ab", "historyId": "28101c680d7256da3474a89af5f66a3a", "testCaseId": "cd09a5fd76f979370188fa6a310bbb19", "fullName": "tests.test_personal_account.TestPersonalAccount#test_logout", "labels": [{"name": "parentSuite", "value": "tests"}, {"name": "suite", "value": "test_personal_account"}, {"name": "subSuite", "value": "TestPersonalAccount"}, {"name": "host", "value": "DESKTOP-OJ1AIB0"}, {"name": "thread", "value": "17216-MainThread"}, {"name": "framework", "value": "pytest"}, {"name": "language", "value": "cpython3"}, {"name": "package", "value": "tests.test_personal_account"}]}