{"name": "проверка увеличеиня количества заказов за все время", "status": "broken", "statusDetails": {"message": "selenium.common.exceptions.TimeoutException: Message: \nStacktrace:\n\tGetHandleVerifier [0x00007FF7319D6CB5+28821]\n\t(No symbol) [0x00007FF731943840]\n\t(No symbol) [0x00007FF7317E578A]\n\t(No symbol) [0x00007FF7318391BE]\n\t(No symbol) [0x00007FF7318394AC]\n\t(No symbol) [0x00007FF731882647]\n\t(No symbol) [0x00007FF73185F33F]\n\t(No symbol) [0x00007FF73187F412]\n\t(No symbol) [0x00007FF73185F0A3]\n\t(No symbol) [0x00007FF73182A778]\n\t(No symbol) [0x00007FF73182B8E1]\n\tGetHandleVerifier [0x00007FF731D0FCAD+3408013]\n\tGetHandleVerifier [0x00007FF731D2741F+3504127]\n\tGetHandleVerifier [0x00007FF731D1B5FD+3455453]\n\tGetHandleVerifier [0x00007FF731A9BDBB+835995]\n\t(No symbol) [0x00007FF73194EB5F]\n\t(No symbol) [0x00007FF73194A814]\n\t(No symbol) [0x00007FF73194A9AD]\n\t(No symbol) [0x00007FF73193A199]\n\tBaseThreadInitThunk [0x00007FFC508A7374+20]\n\tRtlUserThreadStart [0x00007FFC510DCC91+33]", "trace": "self = <tests.test_feed_order.TestCountersOrders object at 0x0000022C2E7F4AD0>, driver_login = <selenium.webdriver.chrome.webdriver.WebDriver (session=\"e1480b0e2ed0d32644bd5fb8026154ed\")>\n\n    @allure.description(\"При прохождении теста выполняется создание заказа с проверкой увеличения количества заказов за все время\")\n    @allure.title(\"проверка увеличеиня количества заказов за все время\")\n    def test_counter_orders_all_time_increase(self, driver_login):\n        main_page = MainPage(driver_login)\n        main_page.click_on_strip_order()\n        feed_page = FeedPage(driver_login)\n>       q_all_time_before = int(feed_page.get_all_time_quantity())\n\ntests\\test_feed_order.py:15: \n_ _ _ _ _ _ _ _ _ _ _ _ _ _ _ _ _ _ _ _ _ _ _ _ _ _ _ _ _ _ _ _ _ _ _ _ _ _ _ _ _ _ _ _ _ _ _ _ _ _ _ _ _ _ _ _ _ _ _ _ _ _ _ _ _ _ _ _ _ _ _ _ _ _ _ _ _ _ _ _ _ _ _ _ _ _ _ _ _ _ _ _ _ _ _ _ _ _ _ _ _ _ _ _ _ _ _ _ _ _ _ _ _ _\npages\\feed_page.py:10: in get_all_time_quantity\n    return self.get_text_from_element(LocatorsFeedPage.TITLE_ORDERS_ALL_TIME)\npages\\base_page.py:35: in get_text_from_element\n    return self.wait_element_and_find_element(locator).text\npages\\base_page.py:13: in wait_element_and_find_element\n    WebDriverWait(self.driver, 30).until(expected_conditions.visibility_of_element_located(locator))\n_ _ _ _ _ _ _ _ _ _ _ _ _ _ _ _ _ _ _ _ _ _ _ _ _ _ _ _ _ _ _ _ _ _ _ _ _ _ _ _ _ _ _ _ _ _ _ _ _ _ _ _ _ _ _ _ _ _ _ _ _ _ _ _ _ _ _ _ _ _ _ _ _ _ _ _ _ _ _ _ _ _ _ _ _ _ _ _ _ _ _ _ _ _ _ _ _ _ _ _ _ _ _ _ _ _ _ _ _ _ _ _ _ _\n\nself = <selenium.webdriver.support.wait.WebDriverWait (session=\"e1480b0e2ed0d32644bd5fb8026154ed\")>, method = <function visibility_of_element_located.<locals>._predicate at 0x0000022C2DD809A0>, message = ''\n\n    def until(self, method: Callable[[D], Union[Literal[False], T]], message: str = \"\") -> T:\n        \"\"\"Calls the method provided with the driver as an argument until the \\\n        return value does not evaluate to ``False``.\n    \n        :param method: callable(WebDriver)\n        :param message: optional message for :exc:`TimeoutException`\n        :returns: the result of the last call to `method`\n        :raises: :exc:`selenium.common.exceptions.TimeoutException` if timeout occurs\n        \"\"\"\n        screen = None\n        stacktrace = None\n    \n        end_time = time.monotonic() + self._timeout\n        while True:\n            try:\n                value = method(self._driver)\n                if value:\n                    return value\n            except self._ignored_exceptions as exc:\n                screen = getattr(exc, \"screen\", None)\n                stacktrace = getattr(exc, \"stacktrace\", None)\n            if time.monotonic() > end_time:\n                break\n            time.sleep(self._poll)\n>       raise TimeoutException(message, screen, stacktrace)\nE       selenium.common.exceptions.TimeoutException: Message: \nE       Stacktrace:\nE       \tGetHandleVerifier [0x00007FF7319D6CB5+28821]\nE       \t(No symbol) [0x00007FF731943840]\nE       \t(No symbol) [0x00007FF7317E578A]\nE       \t(No symbol) [0x00007FF7318391BE]\nE       \t(No symbol) [0x00007FF7318394AC]\nE       \t(No symbol) [0x00007FF731882647]\nE       \t(No symbol) [0x00007FF73185F33F]\nE       \t(No symbol) [0x00007FF73187F412]\nE       \t(No symbol) [0x00007FF73185F0A3]\nE       \t(No symbol) [0x00007FF73182A778]\nE       \t(No symbol) [0x00007FF73182B8E1]\nE       \tGetHandleVerifier [0x00007FF731D0FCAD+3408013]\nE       \tGetHandleVerifier [0x00007FF731D2741F+3504127]\nE       \tGetHandleVerifier [0x00007FF731D1B5FD+3455453]\nE       \tGetHandleVerifier [0x00007FF731A9BDBB+835995]\nE       \t(No symbol) [0x00007FF73194EB5F]\nE       \t(No symbol) [0x00007FF73194A814]\nE       \t(No symbol) [0x00007FF73194A9AD]\nE       \t(No symbol) [0x00007FF73193A199]\nE       \tBaseThreadInitThunk [0x00007FFC508A7374+20]\nE       \tRtlUserThreadStart [0x00007FFC510DCC91+33]\n\n.venv\\Lib\\site-packages\\selenium\\webdriver\\support\\wait.py:105: TimeoutException"}, "description": "При прохождении теста выполняется создание заказа с проверкой увеличения количества заказов за все время", "steps": [{"name": "клик на ленту заказов", "status": "passed", "steps": [{"name": "Клик по элементу в ФФ", "status": "passed", "parameters": [{"name": "locator", "value": "('xpath', \"//p[contains(text(),'Лента Заказов')]\")"}], "start": 1732737755808, "stop": 1732737756469}], "start": 1732737755808, "stop": 1732737756469}, {"name": "количество заказов за все время", "status": "broken", "statusDetails": {"message": "selenium.common.exceptions.TimeoutException: Message: \nStacktrace:\n\tGetHandleVerifier [0x00007FF7319D6CB5+28821]\n\t(No symbol) [0x00007FF731943840]\n\t(No symbol) [0x00007FF7317E578A]\n\t(No symbol) [0x00007FF7318391BE]\n\t(No symbol) [0x00007FF7318394AC]\n\t(No symbol) [0x00007FF731882647]\n\t(No symbol) [0x00007FF73185F33F]\n\t(No symbol) [0x00007FF73187F412]\n\t(No symbol) [0x00007FF73185F0A3]\n\t(No symbol) [0x00007FF73182A778]\n\t(No symbol) [0x00007FF73182B8E1]\n\tGetHandleVerifier [0x00007FF731D0FCAD+3408013]\n\tGetHandleVerifier [0x00007FF731D2741F+3504127]\n\tGetHandleVerifier [0x00007FF731D1B5FD+3455453]\n\tGetHandleVerifier [0x00007FF731A9BDBB+835995]\n\t(No symbol) [0x00007FF73194EB5F]\n\t(No symbol) [0x00007FF73194A814]\n\t(No symbol) [0x00007FF73194A9AD]\n\t(No symbol) [0x00007FF73193A199]\n\tBaseThreadInitThunk [0x00007FFC508A7374+20]\n\tRtlUserThreadStart [0x00007FFC510DCC91+33]\n\n", "trace": "  File \"C:\\Users\\Герогий\\Desktop\\учеба python\\диплом\\юай тесты\\.venv\\Lib\\site-packages\\allure_commons\\_allure.py\", line 192, in impl\n    return func(*a, **kw)\n           ^^^^^^^^^^^^^^\n  File \"C:\\Users\\Герогий\\Desktop\\учеба python\\диплом\\юай тесты\\pages\\feed_page.py\", line 10, in get_all_time_quantity\n    return self.get_text_from_element(LocatorsFeedPage.TITLE_ORDERS_ALL_TIME)\n           ^^^^^^^^^^^^^^^^^^^^^^^^^^^^^^^^^^^^^^^^^^^^^^^^^^^^^^^^^^^^^^^^^^\n  File \"C:\\Users\\Герогий\\Desktop\\учеба python\\диплом\\юай тесты\\pages\\base_page.py\", line 35, in get_text_from_element\n    return self.wait_element_and_find_element(locator).text\n           ^^^^^^^^^^^^^^^^^^^^^^^^^^^^^^^^^^^^^^^^^^^\n  File \"C:\\Users\\Герогий\\Desktop\\учеба python\\диплом\\юай тесты\\pages\\base_page.py\", line 13, in wait_element_and_find_element\n    WebDriverWait(self.driver, 30).until(expected_conditions.visibility_of_element_located(locator))\n  File \"C:\\Users\\Герогий\\Desktop\\учеба python\\диплом\\юай тесты\\.venv\\Lib\\site-packages\\selenium\\webdriver\\support\\wait.py\", line 105, in until\n    raise TimeoutException(message, screen, stacktrace)\n"}, "start": 1732737756469, "stop": 1732737786514}], "attachments": [{"name": "log", "source": "2a34f77d-6268-4cc1-85dd-2b74655c6eca-attachment.txt", "type": "text/plain"}], "parameters": [{"name": "driver", "value": "'chrome'"}], "start": 1732737755808, "stop": 1732737786514, "uuid": "fb7143f3-b86a-482c-a1d0-649a737b324a", "historyId": "3de67faaac7b7110a143f13ba4e3e970", "testCaseId": "c68e271bc4638783fbc837189be12f56", "fullName": "tests.test_feed_order.TestCountersOrders#test_counter_orders_all_time_increase", "labels": [{"name": "parentSuite", "value": "tests"}, {"name": "suite", "value": "test_feed_order"}, {"name": "subSuite", "value": "TestCountersOrders"}, {"name": "host", "value": "DESKTOP-OJ1AIB0"}, {"name": "thread", "value": "17216-MainThread"}, {"name": "framework", "value": "pytest"}, {"name": "language", "value": "cpython3"}, {"name": "package", "value": "tests.test_feed_order"}]}