{"name": "проверка увеличеиня количества заказов за все время", "status": "broken", "statusDetails": {"message": "selenium.common.exceptions.TimeoutException: Message: \nStacktrace:\nRemoteError@chrome://remote/content/shared/RemoteError.sys.mjs:8:8\nWebDriverError@chrome://remote/content/shared/webdriver/Errors.sys.mjs:193:5\nNoSuchElementError@chrome://remote/content/shared/webdriver/Errors.sys.mjs:511:5\ndom.find/</<@chrome://remote/content/shared/DOM.sys.mjs:136:16", "trace": "self = <tests.test_feed_order.TestCountersOrders object at 0x0000022C2E7F9690>, driver_login = <selenium.webdriver.firefox.webdriver.WebDriver (session=\"d2e8542f-8d93-461c-acdf-a92bd4f934fa\")>\n\n    @allure.description(\"При прохождении теста выполняется создание заказа с проверкой увеличения количества заказов за все время\")\n    @allure.title(\"проверка увеличеиня количества заказов за все время\")\n    def test_counter_orders_all_time_increase(self, driver_login):\n        main_page = MainPage(driver_login)\n        main_page.click_on_strip_order()\n        feed_page = FeedPage(driver_login)\n>       q_all_time_before = int(feed_page.get_all_time_quantity())\n\ntests\\test_feed_order.py:15: \n_ _ _ _ _ _ _ _ _ _ _ _ _ _ _ _ _ _ _ _ _ _ _ _ _ _ _ _ _ _ _ _ _ _ _ _ _ _ _ _ _ _ _ _ _ _ _ _ _ _ _ _ _ _ _ _ _ _ _ _ _ _ _ _ _ _ _ _ _ _ _ _ _ _ _ _ _ _ _ _ _ _ _ _ _ _ _ _ _ _ _ _ _ _ _ _ _ _ _ _ _ _ _ _ _ _ _ _ _ _ _ _ _ _\npages\\feed_page.py:10: in get_all_time_quantity\n    return self.get_text_from_element(LocatorsFeedPage.TITLE_ORDERS_ALL_TIME)\npages\\base_page.py:35: in get_text_from_element\n    return self.wait_element_and_find_element(locator).text\npages\\base_page.py:13: in wait_element_and_find_element\n    WebDriverWait(self.driver, 30).until(expected_conditions.visibility_of_element_located(locator))\n_ _ _ _ _ _ _ _ _ _ _ _ _ _ _ _ _ _ _ _ _ _ _ _ _ _ _ _ _ _ _ _ _ _ _ _ _ _ _ _ _ _ _ _ _ _ _ _ _ _ _ _ _ _ _ _ _ _ _ _ _ _ _ _ _ _ _ _ _ _ _ _ _ _ _ _ _ _ _ _ _ _ _ _ _ _ _ _ _ _ _ _ _ _ _ _ _ _ _ _ _ _ _ _ _ _ _ _ _ _ _ _ _ _\n\nself = <selenium.webdriver.support.wait.WebDriverWait (session=\"d2e8542f-8d93-461c-acdf-a92bd4f934fa\")>, method = <function visibility_of_element_located.<locals>._predicate at 0x0000022C2E8B80E0>, message = ''\n\n    def until(self, method: Callable[[D], Union[Literal[False], T]], message: str = \"\") -> T:\n        \"\"\"Calls the method provided with the driver as an argument until the \\\n        return value does not evaluate to ``False``.\n    \n        :param method: callable(WebDriver)\n        :param message: optional message for :exc:`TimeoutException`\n        :returns: the result of the last call to `method`\n        :raises: :exc:`selenium.common.exceptions.TimeoutException` if timeout occurs\n        \"\"\"\n        screen = None\n        stacktrace = None\n    \n        end_time = time.monotonic() + self._timeout\n        while True:\n            try:\n                value = method(self._driver)\n                if value:\n                    return value\n            except self._ignored_exceptions as exc:\n                screen = getattr(exc, \"screen\", None)\n                stacktrace = getattr(exc, \"stacktrace\", None)\n            if time.monotonic() > end_time:\n                break\n            time.sleep(self._poll)\n>       raise TimeoutException(message, screen, stacktrace)\nE       selenium.common.exceptions.TimeoutException: Message: \nE       Stacktrace:\nE       RemoteError@chrome://remote/content/shared/RemoteError.sys.mjs:8:8\nE       WebDriverError@chrome://remote/content/shared/webdriver/Errors.sys.mjs:193:5\nE       NoSuchElementError@chrome://remote/content/shared/webdriver/Errors.sys.mjs:511:5\nE       dom.find/</<@chrome://remote/content/shared/DOM.sys.mjs:136:16\n\n.venv\\Lib\\site-packages\\selenium\\webdriver\\support\\wait.py:105: TimeoutException"}, "description": "При прохождении теста выполняется создание заказа с проверкой увеличения количества заказов за все время", "steps": [{"name": "клик на ленту заказов", "status": "passed", "steps": [{"name": "Клик по элементу в ФФ", "status": "passed", "parameters": [{"name": "locator", "value": "('xpath', \"//p[contains(text(),'Лента Заказов')]\")"}], "start": 1732737824916, "stop": 1732737825492}], "start": 1732737824916, "stop": 1732737825492}, {"name": "количество заказов за все время", "status": "broken", "statusDetails": {"message": "selenium.common.exceptions.TimeoutException: Message: \nStacktrace:\nRemoteError@chrome://remote/content/shared/RemoteError.sys.mjs:8:8\nWebDriverError@chrome://remote/content/shared/webdriver/Errors.sys.mjs:193:5\nNoSuchElementError@chrome://remote/content/shared/webdriver/Errors.sys.mjs:511:5\ndom.find/</<@chrome://remote/content/shared/DOM.sys.mjs:136:16\n\n", "trace": "  File \"C:\\Users\\Герогий\\Desktop\\учеба python\\диплом\\юай тесты\\.venv\\Lib\\site-packages\\allure_commons\\_allure.py\", line 192, in impl\n    return func(*a, **kw)\n           ^^^^^^^^^^^^^^\n  File \"C:\\Users\\Герогий\\Desktop\\учеба python\\диплом\\юай тесты\\pages\\feed_page.py\", line 10, in get_all_time_quantity\n    return self.get_text_from_element(LocatorsFeedPage.TITLE_ORDERS_ALL_TIME)\n           ^^^^^^^^^^^^^^^^^^^^^^^^^^^^^^^^^^^^^^^^^^^^^^^^^^^^^^^^^^^^^^^^^^\n  File \"C:\\Users\\Герогий\\Desktop\\учеба python\\диплом\\юай тесты\\pages\\base_page.py\", line 35, in get_text_from_element\n    return self.wait_element_and_find_element(locator).text\n           ^^^^^^^^^^^^^^^^^^^^^^^^^^^^^^^^^^^^^^^^^^^\n  File \"C:\\Users\\Герогий\\Desktop\\учеба python\\диплом\\юай тесты\\pages\\base_page.py\", line 13, in wait_element_and_find_element\n    WebDriverWait(self.driver, 30).until(expected_conditions.visibility_of_element_located(locator))\n  File \"C:\\Users\\Герогий\\Desktop\\учеба python\\диплом\\юай тесты\\.venv\\Lib\\site-packages\\selenium\\webdriver\\support\\wait.py\", line 105, in until\n    raise TimeoutException(message, screen, stacktrace)\n"}, "start": 1732737825493, "stop": 1732737855893}], "attachments": [{"name": "log", "source": "e6f273c4-3516-4f79-99ca-68817e30a252-attachment.txt", "type": "text/plain"}], "parameters": [{"name": "driver", "value": "'firefox'"}], "start": 1732737824916, "stop": 1732737855893, "uuid": "2bc454b5-bca5-4e5a-a1a9-f3d43978ae21", "historyId": "bcbd7b963a4b34e86cd067a8a07fbf47", "testCaseId": "c68e271bc4638783fbc837189be12f56", "fullName": "tests.test_feed_order.TestCountersOrders#test_counter_orders_all_time_increase", "labels": [{"name": "parentSuite", "value": "tests"}, {"name": "suite", "value": "test_feed_order"}, {"name": "subSuite", "value": "TestCountersOrders"}, {"name": "host", "value": "DESKTOP-OJ1AIB0"}, {"name": "thread", "value": "17216-MainThread"}, {"name": "framework", "value": "pytest"}, {"name": "language", "value": "cpython3"}, {"name": "package", "value": "tests.test_feed_order"}]}