{"name": "проверка выхода", "status": "broken", "statusDetails": {"message": "selenium.common.exceptions.TimeoutException: Message: \nStacktrace:\n\tGetHandleVerifier [0x00007FF7319D6CB5+28821]\n\t(No symbol) [0x00007FF731943840]\n\t(No symbol) [0x00007FF7317E578A]\n\t(No symbol) [0x00007FF7318391BE]\n\t(No symbol) [0x00007FF7318394AC]\n\t(No symbol) [0x00007FF731882647]\n\t(No symbol) [0x00007FF73185F33F]\n\t(No symbol) [0x00007FF73187F412]\n\t(No symbol) [0x00007FF73185F0A3]\n\t(No symbol) [0x00007FF73182A778]\n\t(No symbol) [0x00007FF73182B8E1]\n\tGetHandleVerifier [0x00007FF731D0FCAD+3408013]\n\tGetHandleVerifier [0x00007FF731D2741F+3504127]\n\tGetHandleVerifier [0x00007FF731D1B5FD+3455453]\n\tGetHandleVerifier [0x00007FF731A9BDBB+835995]\n\t(No symbol) [0x00007FF73194EB5F]\n\t(No symbol) [0x00007FF73194A814]\n\t(No symbol) [0x00007FF73194A9AD]\n\t(No symbol) [0x00007FF73193A199]\n\tBaseThreadInitThunk [0x00007FFC508A7374+20]\n\tRtlUserThreadStart [0x00007FFC510DCC91+33]", "trace": "self = <tests.test_personal_account.TestPersonalAccount object at 0x0000022C2E7EB410>, driver_login = <selenium.webdriver.chrome.webdriver.WebDriver (session=\"8014b31e4b9253f94549fbd3c456eb84\")>\n\n    @allure.description(\"При прохождении теста выполняется проверка выхода\")\n    @allure.title(\"проверка выхода\")\n    def test_logout(self, driver_login):\n        main_page = MainPage(driver_login)\n        main_page.click_on_personal_account()\n        profile_page = ProfilePage(driver_login)\n>       profile_page.exit_from_profile()\n\ntests\\test_personal_account.py:23: \n_ _ _ _ _ _ _ _ _ _ _ _ _ _ _ _ _ _ _ _ _ _ _ _ _ _ _ _ _ _ _ _ _ _ _ _ _ _ _ _ _ _ _ _ _ _ _ _ _ _ _ _ _ _ _ _ _ _ _ _ _ _ _ _ _ _ _ _ _ _ _ _ _ _ _ _ _ _ _ _ _ _ _ _ _ _ _ _ _ _ _ _ _ _ _ _ _ _ _ _ _ _ _ _ _ _ _ _ _ _ _ _ _ _\npages\\profile_page.py:22: in exit_from_profile\n    self.base_click_element(LocatorsProfilePage.LOGOUT_BUTTON)\npages\\base_page.py:25: in base_click_element\n    WebDriverWait(self.driver, 30).until(expected_conditions.element_to_be_clickable(locator))\n_ _ _ _ _ _ _ _ _ _ _ _ _ _ _ _ _ _ _ _ _ _ _ _ _ _ _ _ _ _ _ _ _ _ _ _ _ _ _ _ _ _ _ _ _ _ _ _ _ _ _ _ _ _ _ _ _ _ _ _ _ _ _ _ _ _ _ _ _ _ _ _ _ _ _ _ _ _ _ _ _ _ _ _ _ _ _ _ _ _ _ _ _ _ _ _ _ _ _ _ _ _ _ _ _ _ _ _ _ _ _ _ _ _\n\nself = <selenium.webdriver.support.wait.WebDriverWait (session=\"8014b31e4b9253f94549fbd3c456eb84\")>, method = <function element_to_be_clickable.<locals>._predicate at 0x0000022C2E840540>, message = ''\n\n    def until(self, method: Callable[[D], Union[Literal[False], T]], message: str = \"\") -> T:\n        \"\"\"Calls the method provided with the driver as an argument until the \\\n        return value does not evaluate to ``False``.\n    \n        :param method: callable(WebDriver)\n        :param message: optional message for :exc:`TimeoutException`\n        :returns: the result of the last call to `method`\n        :raises: :exc:`selenium.common.exceptions.TimeoutException` if timeout occurs\n        \"\"\"\n        screen = None\n        stacktrace = None\n    \n        end_time = time.monotonic() + self._timeout\n        while True:\n            try:\n                value = method(self._driver)\n                if value:\n                    return value\n            except self._ignored_exceptions as exc:\n                screen = getattr(exc, \"screen\", None)\n                stacktrace = getattr(exc, \"stacktrace\", None)\n            if time.monotonic() > end_time:\n                break\n            time.sleep(self._poll)\n>       raise TimeoutException(message, screen, stacktrace)\nE       selenium.common.exceptions.TimeoutException: Message: \nE       Stacktrace:\nE       \tGetHandleVerifier [0x00007FF7319D6CB5+28821]\nE       \t(No symbol) [0x00007FF731943840]\nE       \t(No symbol) [0x00007FF7317E578A]\nE       \t(No symbol) [0x00007FF7318391BE]\nE       \t(No symbol) [0x00007FF7318394AC]\nE       \t(No symbol) [0x00007FF731882647]\nE       \t(No symbol) [0x00007FF73185F33F]\nE       \t(No symbol) [0x00007FF73187F412]\nE       \t(No symbol) [0x00007FF73185F0A3]\nE       \t(No symbol) [0x00007FF73182A778]\nE       \t(No symbol) [0x00007FF73182B8E1]\nE       \tGetHandleVerifier [0x00007FF731D0FCAD+3408013]\nE       \tGetHandleVerifier [0x00007FF731D2741F+3504127]\nE       \tGetHandleVerifier [0x00007FF731D1B5FD+3455453]\nE       \tGetHandleVerifier [0x00007FF731A9BDBB+835995]\nE       \t(No symbol) [0x00007FF73194EB5F]\nE       \t(No symbol) [0x00007FF73194A814]\nE       \t(No symbol) [0x00007FF73194A9AD]\nE       \t(No symbol) [0x00007FF73193A199]\nE       \tBaseThreadInitThunk [0x00007FFC508A7374+20]\nE       \tRtlUserThreadStart [0x00007FFC510DCC91+33]\n\n.venv\\Lib\\site-packages\\selenium\\webdriver\\support\\wait.py:105: TimeoutException"}, "description": "При прохождении теста выполняется проверка выхода", "steps": [{"name": "клик на личный кабинет", "status": "passed", "steps": [{"name": "Клик по элементу в ФФ", "status": "passed", "parameters": [{"name": "locator", "value": "('xpath', \".//p[contains(text(),'Личный Кабинет')]\")"}], "start": 1732738754393, "stop": 1732738755044}], "start": 1732738754393, "stop": 1732738755044}, {"name": "выйти", "status": "broken", "statusDetails": {"message": "selenium.common.exceptions.TimeoutException: Message: \nStacktrace:\n\tGetHandleVerifier [0x00007FF7319D6CB5+28821]\n\t(No symbol) [0x00007FF731943840]\n\t(No symbol) [0x00007FF7317E578A]\n\t(No symbol) [0x00007FF7318391BE]\n\t(No symbol) [0x00007FF7318394AC]\n\t(No symbol) [0x00007FF731882647]\n\t(No symbol) [0x00007FF73185F33F]\n\t(No symbol) [0x00007FF73187F412]\n\t(No symbol) [0x00007FF73185F0A3]\n\t(No symbol) [0x00007FF73182A778]\n\t(No symbol) [0x00007FF73182B8E1]\n\tGetHandleVerifier [0x00007FF731D0FCAD+3408013]\n\tGetHandleVerifier [0x00007FF731D2741F+3504127]\n\tGetHandleVerifier [0x00007FF731D1B5FD+3455453]\n\tGetHandleVerifier [0x00007FF731A9BDBB+835995]\n\t(No symbol) [0x00007FF73194EB5F]\n\t(No symbol) [0x00007FF73194A814]\n\t(No symbol) [0x00007FF73194A9AD]\n\t(No symbol) [0x00007FF73193A199]\n\tBaseThreadInitThunk [0x00007FFC508A7374+20]\n\tRtlUserThreadStart [0x00007FFC510DCC91+33]\n\n", "trace": "  File \"C:\\Users\\Герогий\\Desktop\\учеба python\\диплом\\юай тесты\\.venv\\Lib\\site-packages\\allure_commons\\_allure.py\", line 192, in impl\n    return func(*a, **kw)\n           ^^^^^^^^^^^^^^\n  File \"C:\\Users\\Герогий\\Desktop\\учеба python\\диплом\\юай тесты\\pages\\profile_page.py\", line 22, in exit_from_profile\n    self.base_click_element(LocatorsProfilePage.LOGOUT_BUTTON)\n  File \"C:\\Users\\Герогий\\Desktop\\учеба python\\диплом\\юай тесты\\pages\\base_page.py\", line 25, in base_click_element\n    WebDriverWait(self.driver, 30).until(expected_conditions.element_to_be_clickable(locator))\n  File \"C:\\Users\\Герогий\\Desktop\\учеба python\\диплом\\юай тесты\\.venv\\Lib\\site-packages\\selenium\\webdriver\\support\\wait.py\", line 105, in until\n    raise TimeoutException(message, screen, stacktrace)\n"}, "start": 1732738755044, "stop": 1732738785055}], "attachments": [{"name": "log", "source": "5fd3daef-2265-4276-af72-06952d890410-attachment.txt", "type": "text/plain"}], "parameters": [{"name": "driver", "value": "'chrome'"}], "start": 1732738754393, "stop": 1732738785061, "uuid": "78a805ea-69b9-404d-8db9-fbb183eff448", "historyId": "360a506fb311c46fccc53e9224062c00", "testCaseId": "cd09a5fd76f979370188fa6a310bbb19", "fullName": "tests.test_personal_account.TestPersonalAccount#test_logout", "labels": [{"name": "parentSuite", "value": "tests"}, {"name": "suite", "value": "test_personal_account"}, {"name": "subSuite", "value": "TestPersonalAccount"}, {"name": "host", "value": "DESKTOP-OJ1AIB0"}, {"name": "thread", "value": "17216-MainThread"}, {"name": "framework", "value": "pytest"}, {"name": "language", "value": "cpython3"}, {"name": "package", "value": "tests.test_personal_account"}]}